<?xml version="1.0" encoding="UTF-8"?>
<!-- Generated by org.testng.reporters.JUnitXMLReporter -->
<testsuite ignored="0" hostname="PC-f7ad11" failures="0"
	tests="9" name="Test" time="88.892" errors="0"
	timestamp="2023-09-23T14:34:05 IST">
	<testcase classname="admin.Customer" name="createcustomer"
		time="5.636" />
	<testcase classname="admin.Customer" name="createcustomer"
		time="5.411" />
	<testcase classname="admin.Customer" name="createcustomer"
		time="5.15" />
	<testcase classname="admin.Customer" name="createcustomer"
		time="5.103" />
	<testcase classname="admin.Customer" name="createcustomer"
		time="5.074" />
	<testcase classname="admin.Customer" name="createcustomer"
		time="4.357" />
	<testcase classname="admin.Customer" name="createcustomer"
		time="4.664" />
	<testcase classname="admin.Customer" name="createcustomer"
		time="5.482" />
	<testcase classname="admin.Customer" name="createcustomer"
		time="6.137" />
</testsuite> <!-- Test -->
