<?xml version="1.0" encoding="UTF-8"?>
<testng-results ignored="0" total="9" passed="9"
	failed="0" skipped="0">
	<reporter-output>
	</reporter-output>
	<suite started-at="2023-09-23T14:32:36 IST" name="Suite"
		finished-at="2023-09-23T14:34:05 IST" duration-ms="88892">
		<groups>
		</groups>
		<test started-at="2023-09-23T14:32:36 IST" name="Test"
			finished-at="2023-09-23T14:34:05 IST" duration-ms="88892">
			<class name="admin.Customer">
				<test-method is-config="true"
					signature="login(java.lang.String,java.lang.String,java.lang.String,java.lang.String)[pri:0, instance:admin.Customer@6283d8b8]"
					started-at="2023-09-23T14:32:38 IST" name="login"
					finished-at="2023-09-23T14:32:44 IST" duration-ms="6074"
					status="PASS">
					<params>
						<param index="0">
							<value>
                <![CDATA[chrome]]>
							</value>
						</param>
						<param index="1">
							<value>
                <![CDATA[http://127.0.0.1/login.do]]>
							</value>
						</param>
						<param index="2">
							<value>
                <![CDATA[admin]]>
							</value>
						</param>
						<param index="3">
							<value>
                <![CDATA[manager]]>
							</value>
						</param>
					</params>
					<reporter-output>
					</reporter-output>
				</test-method> <!-- login -->
				<test-method
					signature="createcustomer(java.lang.String,java.lang.String)[pri:0, instance:admin.Customer@6283d8b8]"
					started-at="2023-09-23T14:32:44 IST" name="createcustomer"
					data-provider="createcustomer"
					finished-at="2023-09-23T14:32:50 IST" duration-ms="5636"
					status="PASS">
					<params>
						<param index="0">
							<value>
                <![CDATA[Dell_gen1]]>
							</value>
						</param>
						<param index="1">
							<value>
                <![CDATA[Generation1]]>
							</value>
						</param>
					</params>
					<reporter-output>
					</reporter-output>
				</test-method> <!-- createcustomer -->
				<test-method is-config="true"
					signature="logout()[pri:0, instance:admin.Customer@6283d8b8]"
					started-at="2023-09-23T14:32:50 IST" name="logout"
					finished-at="2023-09-23T14:32:50 IST" duration-ms="434"
					status="PASS">
					<reporter-output>
					</reporter-output>
				</test-method> <!-- logout -->
				<test-method is-config="true"
					signature="login(java.lang.String,java.lang.String,java.lang.String,java.lang.String)[pri:0, instance:admin.Customer@6283d8b8]"
					started-at="2023-09-23T14:32:50 IST" name="login"
					finished-at="2023-09-23T14:32:54 IST" duration-ms="3971"
					status="PASS">
					<params>
						<param index="0">
							<value>
                <![CDATA[chrome]]>
							</value>
						</param>
						<param index="1">
							<value>
                <![CDATA[http://127.0.0.1/login.do]]>
							</value>
						</param>
						<param index="2">
							<value>
                <![CDATA[admin]]>
							</value>
						</param>
						<param index="3">
							<value>
                <![CDATA[manager]]>
							</value>
						</param>
					</params>
					<reporter-output>
					</reporter-output>
				</test-method> <!-- login -->
				<test-method
					signature="createcustomer(java.lang.String,java.lang.String)[pri:0, instance:admin.Customer@6283d8b8]"
					started-at="2023-09-23T14:32:54 IST" name="createcustomer"
					data-provider="createcustomer"
					finished-at="2023-09-23T14:32:59 IST" duration-ms="5411"
					status="PASS">
					<params>
						<param index="0">
							<value>
                <![CDATA[Dell_gen2]]>
							</value>
						</param>
						<param index="1">
							<value>
                <![CDATA[Generation2]]>
							</value>
						</param>
					</params>
					<reporter-output>
					</reporter-output>
				</test-method> <!-- createcustomer -->
				<test-method is-config="true"
					signature="logout()[pri:0, instance:admin.Customer@6283d8b8]"
					started-at="2023-09-23T14:32:59 IST" name="logout"
					finished-at="2023-09-23T14:33:00 IST" duration-ms="514"
					status="PASS">
					<reporter-output>
					</reporter-output>
				</test-method> <!-- logout -->
				<test-method is-config="true"
					signature="login(java.lang.String,java.lang.String,java.lang.String,java.lang.String)[pri:0, instance:admin.Customer@6283d8b8]"
					started-at="2023-09-23T14:33:00 IST" name="login"
					finished-at="2023-09-23T14:33:03 IST" duration-ms="3390"
					status="PASS">
					<params>
						<param index="0">
							<value>
                <![CDATA[chrome]]>
							</value>
						</param>
						<param index="1">
							<value>
                <![CDATA[http://127.0.0.1/login.do]]>
							</value>
						</param>
						<param index="2">
							<value>
                <![CDATA[admin]]>
							</value>
						</param>
						<param index="3">
							<value>
                <![CDATA[manager]]>
							</value>
						</param>
					</params>
					<reporter-output>
					</reporter-output>
				</test-method> <!-- login -->
				<test-method
					signature="createcustomer(java.lang.String,java.lang.String)[pri:0, instance:admin.Customer@6283d8b8]"
					started-at="2023-09-23T14:33:03 IST" name="createcustomer"
					data-provider="createcustomer"
					finished-at="2023-09-23T14:33:08 IST" duration-ms="5150"
					status="PASS">
					<params>
						<param index="0">
							<value>
                <![CDATA[Dell_gen3]]>
							</value>
						</param>
						<param index="1">
							<value>
                <![CDATA[Generation3]]>
							</value>
						</param>
					</params>
					<reporter-output>
					</reporter-output>
				</test-method> <!-- createcustomer -->
				<test-method is-config="true"
					signature="logout()[pri:0, instance:admin.Customer@6283d8b8]"
					started-at="2023-09-23T14:33:08 IST" name="logout"
					finished-at="2023-09-23T14:33:09 IST" duration-ms="572"
					status="PASS">
					<reporter-output>
					</reporter-output>
				</test-method> <!-- logout -->
				<test-method is-config="true"
					signature="login(java.lang.String,java.lang.String,java.lang.String,java.lang.String)[pri:0, instance:admin.Customer@6283d8b8]"
					started-at="2023-09-23T14:33:09 IST" name="login"
					finished-at="2023-09-23T14:33:13 IST" duration-ms="3622"
					status="PASS">
					<params>
						<param index="0">
							<value>
                <![CDATA[chrome]]>
							</value>
						</param>
						<param index="1">
							<value>
                <![CDATA[http://127.0.0.1/login.do]]>
							</value>
						</param>
						<param index="2">
							<value>
                <![CDATA[admin]]>
							</value>
						</param>
						<param index="3">
							<value>
                <![CDATA[manager]]>
							</value>
						</param>
					</params>
					<reporter-output>
					</reporter-output>
				</test-method> <!-- login -->
				<test-method
					signature="createcustomer(java.lang.String,java.lang.String)[pri:0, instance:admin.Customer@6283d8b8]"
					started-at="2023-09-23T14:33:13 IST" name="createcustomer"
					data-provider="createcustomer"
					finished-at="2023-09-23T14:33:18 IST" duration-ms="5103"
					status="PASS">
					<params>
						<param index="0">
							<value>
                <![CDATA[Dell_gen4]]>
							</value>
						</param>
						<param index="1">
							<value>
                <![CDATA[Generation4]]>
							</value>
						</param>
					</params>
					<reporter-output>
					</reporter-output>
				</test-method> <!-- createcustomer -->
				<test-method is-config="true"
					signature="logout()[pri:0, instance:admin.Customer@6283d8b8]"
					started-at="2023-09-23T14:33:18 IST" name="logout"
					finished-at="2023-09-23T14:33:18 IST" duration-ms="648"
					status="PASS">
					<reporter-output>
					</reporter-output>
				</test-method> <!-- logout -->
				<test-method is-config="true"
					signature="login(java.lang.String,java.lang.String,java.lang.String,java.lang.String)[pri:0, instance:admin.Customer@6283d8b8]"
					started-at="2023-09-23T14:33:18 IST" name="login"
					finished-at="2023-09-23T14:33:22 IST" duration-ms="3530"
					status="PASS">
					<params>
						<param index="0">
							<value>
                <![CDATA[chrome]]>
							</value>
						</param>
						<param index="1">
							<value>
                <![CDATA[http://127.0.0.1/login.do]]>
							</value>
						</param>
						<param index="2">
							<value>
                <![CDATA[admin]]>
							</value>
						</param>
						<param index="3">
							<value>
                <![CDATA[manager]]>
							</value>
						</param>
					</params>
					<reporter-output>
					</reporter-output>
				</test-method> <!-- login -->
				<test-method
					signature="createcustomer(java.lang.String,java.lang.String)[pri:0, instance:admin.Customer@6283d8b8]"
					started-at="2023-09-23T14:33:22 IST" name="createcustomer"
					data-provider="createcustomer"
					finished-at="2023-09-23T14:33:27 IST" duration-ms="5074"
					status="PASS">
					<params>
						<param index="0">
							<value>
                <![CDATA[Dell_gen5]]>
							</value>
						</param>
						<param index="1">
							<value>
                <![CDATA[Generation5]]>
							</value>
						</param>
					</params>
					<reporter-output>
					</reporter-output>
				</test-method> <!-- createcustomer -->
				<test-method is-config="true"
					signature="logout()[pri:0, instance:admin.Customer@6283d8b8]"
					started-at="2023-09-23T14:33:27 IST" name="logout"
					finished-at="2023-09-23T14:33:27 IST" duration-ms="286"
					status="PASS">
					<reporter-output>
					</reporter-output>
				</test-method> <!-- logout -->
				<test-method is-config="true"
					signature="login(java.lang.String,java.lang.String,java.lang.String,java.lang.String)[pri:0, instance:admin.Customer@6283d8b8]"
					started-at="2023-09-23T14:33:27 IST" name="login"
					finished-at="2023-09-23T14:33:31 IST" duration-ms="3219"
					status="PASS">
					<params>
						<param index="0">
							<value>
                <![CDATA[chrome]]>
							</value>
						</param>
						<param index="1">
							<value>
                <![CDATA[http://127.0.0.1/login.do]]>
							</value>
						</param>
						<param index="2">
							<value>
                <![CDATA[admin]]>
							</value>
						</param>
						<param index="3">
							<value>
                <![CDATA[manager]]>
							</value>
						</param>
					</params>
					<reporter-output>
					</reporter-output>
				</test-method> <!-- login -->
				<test-method
					signature="createcustomer(java.lang.String,java.lang.String)[pri:0, instance:admin.Customer@6283d8b8]"
					started-at="2023-09-23T14:33:31 IST" name="createcustomer"
					data-provider="createcustomer"
					finished-at="2023-09-23T14:33:35 IST" duration-ms="4357"
					status="PASS">
					<params>
						<param index="0">
							<value>
                <![CDATA[Dell_gen6]]>
							</value>
						</param>
						<param index="1">
							<value>
                <![CDATA[Generation6]]>
							</value>
						</param>
					</params>
					<reporter-output>
					</reporter-output>
				</test-method> <!-- createcustomer -->
				<test-method is-config="true"
					signature="logout()[pri:0, instance:admin.Customer@6283d8b8]"
					started-at="2023-09-23T14:33:35 IST" name="logout"
					finished-at="2023-09-23T14:33:35 IST" duration-ms="354"
					status="PASS">
					<reporter-output>
					</reporter-output>
				</test-method> <!-- logout -->
				<test-method is-config="true"
					signature="login(java.lang.String,java.lang.String,java.lang.String,java.lang.String)[pri:0, instance:admin.Customer@6283d8b8]"
					started-at="2023-09-23T14:33:35 IST" name="login"
					finished-at="2023-09-23T14:33:39 IST" duration-ms="3481"
					status="PASS">
					<params>
						<param index="0">
							<value>
                <![CDATA[chrome]]>
							</value>
						</param>
						<param index="1">
							<value>
                <![CDATA[http://127.0.0.1/login.do]]>
							</value>
						</param>
						<param index="2">
							<value>
                <![CDATA[admin]]>
							</value>
						</param>
						<param index="3">
							<value>
                <![CDATA[manager]]>
							</value>
						</param>
					</params>
					<reporter-output>
					</reporter-output>
				</test-method> <!-- login -->
				<test-method
					signature="createcustomer(java.lang.String,java.lang.String)[pri:0, instance:admin.Customer@6283d8b8]"
					started-at="2023-09-23T14:33:39 IST" name="createcustomer"
					data-provider="createcustomer"
					finished-at="2023-09-23T14:33:43 IST" duration-ms="4664"
					status="PASS">
					<params>
						<param index="0">
							<value>
                <![CDATA[Dell_gen7]]>
							</value>
						</param>
						<param index="1">
							<value>
                <![CDATA[Generation7]]>
							</value>
						</param>
					</params>
					<reporter-output>
					</reporter-output>
				</test-method> <!-- createcustomer -->
				<test-method is-config="true"
					signature="logout()[pri:0, instance:admin.Customer@6283d8b8]"
					started-at="2023-09-23T14:33:43 IST" name="logout"
					finished-at="2023-09-23T14:33:44 IST" duration-ms="514"
					status="PASS">
					<reporter-output>
					</reporter-output>
				</test-method> <!-- logout -->
				<test-method is-config="true"
					signature="login(java.lang.String,java.lang.String,java.lang.String,java.lang.String)[pri:0, instance:admin.Customer@6283d8b8]"
					started-at="2023-09-23T14:33:44 IST" name="login"
					finished-at="2023-09-23T14:33:50 IST" duration-ms="5605"
					status="PASS">
					<params>
						<param index="0">
							<value>
                <![CDATA[chrome]]>
							</value>
						</param>
						<param index="1">
							<value>
                <![CDATA[http://127.0.0.1/login.do]]>
							</value>
						</param>
						<param index="2">
							<value>
                <![CDATA[admin]]>
							</value>
						</param>
						<param index="3">
							<value>
                <![CDATA[manager]]>
							</value>
						</param>
					</params>
					<reporter-output>
					</reporter-output>
				</test-method> <!-- login -->
				<test-method
					signature="createcustomer(java.lang.String,java.lang.String)[pri:0, instance:admin.Customer@6283d8b8]"
					started-at="2023-09-23T14:33:50 IST" name="createcustomer"
					data-provider="createcustomer"
					finished-at="2023-09-23T14:33:55 IST" duration-ms="5482"
					status="PASS">
					<params>
						<param index="0">
							<value>
                <![CDATA[Dell_gen8]]>
							</value>
						</param>
						<param index="1">
							<value>
                <![CDATA[Generation8]]>
							</value>
						</param>
					</params>
					<reporter-output>
					</reporter-output>
				</test-method> <!-- createcustomer -->
				<test-method is-config="true"
					signature="logout()[pri:0, instance:admin.Customer@6283d8b8]"
					started-at="2023-09-23T14:33:55 IST" name="logout"
					finished-at="2023-09-23T14:33:55 IST" duration-ms="323"
					status="PASS">
					<reporter-output>
					</reporter-output>
				</test-method> <!-- logout -->
				<test-method is-config="true"
					signature="login(java.lang.String,java.lang.String,java.lang.String,java.lang.String)[pri:0, instance:admin.Customer@6283d8b8]"
					started-at="2023-09-23T14:33:55 IST" name="login"
					finished-at="2023-09-23T14:33:58 IST" duration-ms="2943"
					status="PASS">
					<params>
						<param index="0">
							<value>
                <![CDATA[chrome]]>
							</value>
						</param>
						<param index="1">
							<value>
                <![CDATA[http://127.0.0.1/login.do]]>
							</value>
						</param>
						<param index="2">
							<value>
                <![CDATA[admin]]>
							</value>
						</param>
						<param index="3">
							<value>
                <![CDATA[manager]]>
							</value>
						</param>
					</params>
					<reporter-output>
					</reporter-output>
				</test-method> <!-- login -->
				<test-method
					signature="createcustomer(java.lang.String,java.lang.String)[pri:0, instance:admin.Customer@6283d8b8]"
					started-at="2023-09-23T14:33:58 IST" name="createcustomer"
					data-provider="createcustomer"
					finished-at="2023-09-23T14:34:04 IST" duration-ms="6137"
					status="PASS">
					<params>
						<param index="0">
							<value>
                <![CDATA[Dell_gen9]]>
							</value>
						</param>
						<param index="1">
							<value>
                <![CDATA[Generation9]]>
							</value>
						</param>
					</params>
					<reporter-output>
					</reporter-output>
				</test-method> <!-- createcustomer -->
				<test-method is-config="true"
					signature="logout()[pri:0, instance:admin.Customer@6283d8b8]"
					started-at="2023-09-23T14:34:04 IST" name="logout"
					finished-at="2023-09-23T14:34:05 IST" duration-ms="563"
					status="PASS">
					<reporter-output>
					</reporter-output>
				</test-method> <!-- logout -->
			</class> <!-- admin.Customer -->
		</test> <!-- Test -->
	</suite> <!-- Suite -->
</testng-results>
