<?xml version="1.0" encoding="UTF-8"?>
<testng-results ignored="0" total="1" passed="1" failed="0" skipped="0">
  <reporter-output>
  </reporter-output>
  <suite started-at="2023-09-14T12:56:11 IST" name="Suite" finished-at="2023-09-14T12:56:16 IST" duration-ms="4447">
    <groups>
    </groups>
    <test started-at="2023-09-14T12:56:11 IST" name="Test" finished-at="2023-09-14T12:56:16 IST" duration-ms="4447">
      <class name="admin.Customer">
        <test-method is-config="true" signature="login(java.lang.String,java.lang.String,java.lang.String,java.lang.String)[pri:0, instance:admin.Customer@4d465b11]" started-at="2023-09-14T12:56:11 IST" name="login" finished-at="2023-09-14T12:56:14 IST" duration-ms="2859" status="PASS">
          <params>
            <param index="0">
              <value>
                <![CDATA[chrome]]>
              </value>
            </param>
            <param index="1">
              <value>
                <![CDATA[http://127.0.0.1/login.do]]>
              </value>
            </param>
            <param index="2">
              <value>
                <![CDATA[admin]]>
              </value>
            </param>
            <param index="3">
              <value>
                <![CDATA[manager]]>
              </value>
            </param>
          </params>
          <reporter-output>
          </reporter-output>
        </test-method> <!-- login -->
        <test-method signature="createcustomer()[pri:0, instance:admin.Customer@4d465b11]" started-at="2023-09-14T12:56:14 IST" name="createcustomer" finished-at="2023-09-14T12:56:16 IST" duration-ms="1424" status="PASS">
          <reporter-output>
          </reporter-output>
        </test-method> <!-- createcustomer -->
        <test-method is-config="true" signature="logout()[pri:0, instance:admin.Customer@4d465b11]" started-at="2023-09-14T12:56:16 IST" name="logout" finished-at="2023-09-14T12:56:16 IST" duration-ms="129" status="PASS">
          <reporter-output>
          </reporter-output>
        </test-method> <!-- logout -->
      </class> <!-- admin.Customer -->
    </test> <!-- Test -->
  </suite> <!-- Suite -->
</testng-results>
